<?xml version="1.0" encoding="UTF-8"?>
<!-- Generated by org.testng.reporters.JUnitReportReporter -->
<testsuite hostname="vmw10dd00406" name="com.tests.NewTest" tests="1" failures="0" timestamp="25 Mar 2019 11:18:19 GMT" time="9.889" errors="0">
  <testcase name="testEasy" time="9.889" classname="com.tests.NewTest"/>
</testsuite> <!-- com.tests.NewTest -->
